Comandas/app/build/outputs/logs/manifest-merger-debug-report.txt
-- Merging decision tree log ---
manifest
ADDED from src/main/AndroidManifest.xml:2:1-66:12
	package
		ADDED from src/main/AndroidManifest.xml:3:5-36
		INJECTED from src/main/AndroidManifest.xml
		INJECTED from src/main/AndroidManifest.xml
	android:versionName
		INJECTED from src/main/AndroidManifest.xml
		INJECTED from src/main/AndroidManifest.xml
	xmlns:android
		ADDED from src/main/AndroidManifest.xml:2:11-69
	android:versionCode
		INJECTED from src/main/AndroidManifest.xml
		INJECTED from src/main/AndroidManifest.xml
uses-permission#android.permission.INTERNET
ADDED from src/main/AndroidManifest.xml:5:5-67
	android:name
		ADDED from src/main/AndroidManifest.xml:5:22-64
application
ADDED from src/main/AndroidManifest.xml:7:8-64:19
MERGED from [com.android.support:support-v4:22.0.0] AndroidManifest.xml:22:5-20
	android:label
		ADDED from src/main/AndroidManifest.xml:10:9-41
	android:allowBackup
		ADDED from src/main/AndroidManifest.xml:8:9-35
	android:icon
		ADDED from src/main/AndroidManifest.xml:9:9-45
	android:theme
		ADDED from src/main/AndroidManifest.xml:11:9-40
activity#es.vallesoft.comandas.Camareros
ADDED from src/main/AndroidManifest.xml:12:9-20:20
	android:label
		ADDED from src/main/AndroidManifest.xml:14:13-45
	android:name
		ADDED from src/main/AndroidManifest.xml:13:13-38
intent-filter#android.intent.action.MAIN+android.intent.category.LAUNCHER
ADDED from src/main/AndroidManifest.xml:15:13-19:29
action#android.intent.action.MAIN
ADDED from src/main/AndroidManifest.xml:16:17-69
	android:name
		ADDED from src/main/AndroidManifest.xml:16:25-66
category#android.intent.category.LAUNCHER
ADDED from src/main/AndroidManifest.xml:18:17-77
	android:name
		ADDED from src/main/AndroidManifest.xml:18:27-74
activity#es.vallesoft.comandas.Preferencias
ADDED from src/main/AndroidManifest.xml:21:9-29:20
	android:label
		ADDED from src/main/AndroidManifest.xml:23:13-44
	android:name
		ADDED from src/main/AndroidManifest.xml:22:13-41
activity#es.vallesoft.comandas.Mesas
ADDED from src/main/AndroidManifest.xml:30:9-33:20
	android:label
		ADDED from src/main/AndroidManifest.xml:32:13-40
	android:name
		ADDED from src/main/AndroidManifest.xml:31:13-34
activity#es.vallesoft.comandas.Comanda
ADDED from src/main/AndroidManifest.xml:34:9-37:20
	android:label
		ADDED from src/main/AndroidManifest.xml:36:13-59
	android:name
		ADDED from src/main/AndroidManifest.xml:35:13-36
activity#es.vallesoft.comandas.Buscador
ADDED from src/main/AndroidManifest.xml:38:9-41:20
	android:label
		ADDED from src/main/AndroidManifest.xml:40:13-60
	android:name
		ADDED from src/main/AndroidManifest.xml:39:13-37
activity#es.vallesoft.comandas.OpMesas
ADDED from src/main/AndroidManifest.xml:42:9-45:20
	android:label
		ADDED from src/main/AndroidManifest.xml:44:13-60
	android:name
		ADDED from src/main/AndroidManifest.xml:43:13-36
activity#es.vallesoft.comandas.Cuenta
ADDED from src/main/AndroidManifest.xml:46:9-49:20
	android:label
		ADDED from src/main/AndroidManifest.xml:48:13-58
	android:name
		ADDED from src/main/AndroidManifest.xml:47:13-35
activity#es.vallesoft.comandas.MostrarPedidos
ADDED from src/main/AndroidManifest.xml:50:9-53:20
	android:label
		ADDED from src/main/AndroidManifest.xml:52:13-67
	android:name
		ADDED from src/main/AndroidManifest.xml:51:13-43
activity#es.vallesoft.comandas.Sugerencias
ADDED from src/main/AndroidManifest.xml:54:9-57:20
	android:label
		ADDED from src/main/AndroidManifest.xml:56:13-63
	android:name
		ADDED from src/main/AndroidManifest.xml:55:13-40
service#es.vallesoft.comandas.Util.ServicioCom
ADDED from src/main/AndroidManifest.xml:59:9-63:19
	android:enabled
		ADDED from src/main/AndroidManifest.xml:61:13-35
	android:exported
		ADDED from src/main/AndroidManifest.xml:62:13-36
	android:name
		ADDED from src/main/AndroidManifest.xml:60:13-45
uses-sdk
INJECTED from src/main/AndroidManifest.xml reason: use-sdk injection requested
MERGED from [com.android.support:support-v4:22.0.0] AndroidManifest.xml:20:5-43
	android:targetSdkVersion
		INJECTED from src/main/AndroidManifest.xml
		INJECTED from src/main/AndroidManifest.xml
	android:minSdkVersion
		INJECTED from src/main/AndroidManifest.xml
		INJECTED from src/main/AndroidManifest.xml